<?xml version="1.0" encoding="UTF-8"?>
<testsuite xmlns:xsi="http://www.w3.org/2001/XMLSchema-instance" xsi:noNamespaceSchemaLocation="https://maven.apache.org/surefire/maven-surefire-plugin/xsd/surefire-test-report.xsd" version="3.0.2" name="com.example.demo.VotingApplicationTests" time="8.124" tests="1" errors="0" skipped="0" failures="0">
  <properties>
[...]
</properties>
  <testcase name="contextLoads" classname="com.example.demo.VotingApplicationTests" time="0.568">
    <system-out><![CDATA[23:42:47.120 [main] INFO org.springframework.test.context.support.AnnotationConfigContextLoaderUtils -- Could not detect default configuration classes for test class [com.example.demo.VotingApplicationTests]: VotingApplicationTests does not declare any static, non-private, non-final, nested classes annotated with @Configuration.
23:42:47.276 [main] INFO org.springframework.boot.test.context.SpringBootTestContextBootstrapper -- Found @SpringBootConfiguration com.example.demo.VotingApplication for test class com.example.demo.VotingApplicationTests
23:42:47.566 [main] INFO org.springframework.boot.devtools.restart.RestartApplicationListener -- Restart disabled due to context in which it is running

  .   ____          _            __ _ _
 /\\ / ___'_ __ _ _(_)_ __  __ _ \ \ \ \
( ( )\___ | '_ | '_| | '_ \/ _` | \ \ \ \
 \\/  ___)| |_)| | | | | || (_| |  ) ) ) )
  '  |____| .__|_| |_|_| |_\__, | / / / /
 =========|_|==============|___/=/_/_/_/

 :: Spring Boot ::                (v3.4.0)

2024-12-12T23:42:48.100+05:30  INFO 9856 --- [voting] [           main] c.example.demo.VotingApplicationTests    : Starting VotingApplicationTests using Java 22 with PID 9856 (started by bharati jaybhay in C:\Users\bharati jaybhay\Desktop\voting)
2024-12-12T23:42:48.103+05:30  INFO 9856 --- [voting] [           main] c.example.demo.VotingApplicationTests    : No active profile set, falling back to 1 default profile: "default"
2024-12-12T23:42:49.066+05:30  INFO 9856 --- [voting] [           main] .s.d.r.c.RepositoryConfigurationDelegate : Bootstrapping Spring Data JPA repositories in DEFAULT mode.
2024-12-12T23:42:49.167+05:30  INFO 9856 --- [voting] [           main] .s.d.r.c.RepositoryConfigurationDelegate : Finished Spring Data repository scanning in 70 ms. Found 1 JPA repository interface.
2024-12-12T23:42:49.853+05:30  INFO 9856 --- [voting] [           main] o.hibernate.jpa.internal.util.LogHelper  : HHH000204: Processing PersistenceUnitInfo [name: default]
2024-12-12T23:42:49.948+05:30  INFO 9856 --- [voting] [           main] org.hibernate.Version                    : HHH000412: Hibernate ORM core version 6.6.2.Final
2024-12-12T23:42:50.028+05:30  INFO 9856 --- [voting] [           main] o.h.c.internal.RegionFactoryInitiator    : HHH000026: Second-level cache disabled
2024-12-12T23:42:50.521+05:30  INFO 9856 --- [voting] [           main] o.s.o.j.p.SpringPersistenceUnitInfo      : No LoadTimeWeaver setup: ignoring JPA class transformer
2024-12-12T23:42:50.570+05:30  INFO 9856 --- [voting] [           main] com.zaxxer.hikari.HikariDataSource       : HikariPool-1 - Starting...
2024-12-12T23:42:51.250+05:30  INFO 9856 --- [voting] [           main] com.zaxxer.hikari.pool.HikariPool        : HikariPool-1 - Added connection com.mysql.cj.jdbc.ConnectionImpl@5f2b9da8
2024-12-12T23:42:51.250+05:30  INFO 9856 --- [voting] [           main] com.zaxxer.hikari.HikariDataSource       : HikariPool-1 - Start completed.
2024-12-12T23:42:51.374+05:30  INFO 9856 --- [voting] [           main] org.hibernate.orm.connections.pooling    : HHH10001005: Database info:
	Database JDBC URL [Connecting through datasource 'HikariDataSource (HikariPool-1)']
	Database driver: undefined/unknown
	Database version: 8.0.36
	Autocommit mode: undefined/unknown
	Isolation level: undefined/unknown
	Minimum pool size: undefined/unknown
	Maximum pool size: undefined/unknown
2024-12-12T23:42:52.527+05:30  INFO 9856 --- [voting] [           main] o.h.e.t.j.p.i.JtaPlatformInitiator       : HHH000489: No JTA platform available (set 'hibernate.transaction.jta.platform' to enable JTA platform integration)
Hibernate: 
    create table user (
        user_id integer not null auto_increment,
        age integer not null,
        email varchar(255),
        password varchar(255),
        phone varchar(15),
        username varchar(255),
        primary key (user_id)
    ) engine=InnoDB
Hibernate: 
    alter table user 
       drop index UKsb8bbouer5wak8vyiiy4pf2bx
Hibernate: 
    alter table user 
       add constraint UKsb8bbouer5wak8vyiiy4pf2bx unique (username)
2024-12-12T23:42:53.027+05:30  INFO 9856 --- [voting] [           main] j.LocalContainerEntityManagerFactoryBean : Initialized JPA EntityManagerFactory for persistence unit 'default'
2024-12-12T23:42:53.574+05:30  WARN 9856 --- [voting] [           main] JpaBaseConfiguration$JpaWebConfiguration : spring.jpa.open-in-view is enabled by default. Therefore, database queries may be performed during view rendering. Explicitly configure spring.jpa.open-in-view to disable this warning
2024-12-12T23:42:53.609+05:30  INFO 9856 --- [voting] [           main] o.s.b.a.w.s.WelcomePageHandlerMapping    : Adding welcome page template: index
2024-12-12T23:42:54.093+05:30  WARN 9856 --- [voting] [           main] .s.s.UserDetailsServiceAutoConfiguration : 

Using generated security password: ca96fc2f-7cba-46e9-83dc-2a0d36e533d8

This generated password is for development use only. Your security configuration must be updated before running your application in production.

2024-12-12T23:42:54.117+05:30  INFO 9856 --- [voting] [           main] r$InitializeUserDetailsManagerConfigurer : Global AuthenticationManager configured with UserDetailsService bean with name inMemoryUserDetailsManager
2024-12-12T23:42:54.365+05:30  INFO 9856 --- [voting] [           main] c.example.demo.VotingApplicationTests    : Started VotingApplicationTests in 6.827 seconds (process running for 8.242)
]]></system-out>
    <system-err><![CDATA[Mockito is currently self-attaching to enable the inline-mock-maker. This will no longer work in future releases of the JDK. Please add Mockito as an agent to your build what is described in Mockito's documentation: https://javadoc.io/doc/org.mockito/mockito-core/latest/org/mockito/Mockito.html#0.3
WARNING: A Java agent has been loaded dynamically (C:\Users\bharati jaybhay\.m2\repository\net\bytebuddy\byte-buddy-agent\1.15.10\byte-buddy-agent-1.15.10.jar)
WARNING: If a serviceability tool is in use, please run with -XX:+EnableDynamicAgentLoading to hide this warning
WARNING: If a serviceability tool is not in use, please run with -Djdk.instrument.traceUsage for more information
WARNING: Dynamic loading of agents will be disallowed by default in a future release
]]></system-err>
  </testcase>
</testsuite>